INFO 2025-09-27 22:21:02,271 autoreload 177405 139108249964672 Watching for file changes with StatReloader
WARNING 2025-09-27 22:21:09,576 log 177405 139108085135040 Not Found: /
WARNING 2025-09-27 22:21:09,584 basehttp 177405 139108085135040 "GET / HTTP/1.1" 404 2641
WARNING 2025-09-27 22:21:10,191 log 177405 139108085135040 Not Found: /favicon.ico
WARNING 2025-09-27 22:21:10,193 basehttp 177405 139108085135040 "GET /favicon.ico HTTP/1.1" 404 2692
INFO 2025-09-27 22:21:24,219 basehttp 177405 139108085135040 "GET /api/docs/ HTTP/1.1" 200 4663
INFO 2025-09-27 22:21:30,257 basehttp 177405 139108085135040 "GET /api/schema/ HTTP/1.1" 200 61255
INFO 2025-09-27 22:33:15,837 autoreload 190646 137420666110080 Watching for file changes with StatReloader
INFO 2025-09-27 22:33:24,977 basehttp 190646 137420498532032 "GET / HTTP/1.1" 302 0
INFO 2025-09-27 22:33:25,042 basehttp 190646 137420498532032 "GET /api/docs/ HTTP/1.1" 200 4663
INFO 2025-09-27 22:33:33,107 basehttp 190646 137420498532032 "GET /api/schema/ HTTP/1.1" 200 61255
INFO 2025-09-27 22:35:45,600 basehttp 190646 137420498532032 "GET / HTTP/1.1" 302 0
INFO 2025-09-27 22:35:45,629 basehttp 190646 137420498532032 "GET /api/docs/ HTTP/1.1" 200 4663
INFO 2025-09-27 22:35:46,464 basehttp 190646 137420498532032 "GET /api/schema/ HTTP/1.1" 200 61255
INFO 2025-09-27 22:35:58,568 basehttp 190646 137420498532032 "GET / HTTP/1.1" 302 0
INFO 2025-09-27 22:35:58,578 basehttp 190646 137420498532032 "GET /api/docs/ HTTP/1.1" 200 4663
INFO 2025-09-27 22:35:59,090 basehttp 190646 137420498532032 "GET /api/schema/ HTTP/1.1" 200 61255
INFO 2025-09-27 22:36:44,759 autoreload 194316 139706106359936 Watching for file changes with StatReloader
INFO 2025-09-27 22:36:49,714 basehttp 194316 139705937028800 "GET / HTTP/1.1" 302 0
INFO 2025-09-27 22:36:49,869 basehttp 194316 139705937028800 "GET /api/docs/ HTTP/1.1" 200 4663
INFO 2025-09-27 22:37:01,611 basehttp 194316 139705937028800 "GET /api/schema/ HTTP/1.1" 200 61255
INFO 2025-09-27 22:38:02,712 autoreload 195746 127357294608512 Watching for file changes with StatReloader
INFO 2025-09-27 22:38:09,201 basehttp 195746 127357203510976 "GET / HTTP/1.1" 302 0
INFO 2025-09-27 22:38:09,312 basehttp 195746 127357203510976 "GET /api/docs/ HTTP/1.1" 200 4663
INFO 2025-09-27 22:38:16,889 basehttp 195746 127357203510976 "GET /api/schema/ HTTP/1.1" 200 61255
INFO 2025-09-27 22:39:18,192 autoreload 197196 126048654393472 Watching for file changes with StatReloader
INFO 2025-09-27 22:40:10,782 autoreload 198168 127358941520000 Watching for file changes with StatReloader
INFO 2025-09-27 22:40:16,889 basehttp 198168 127358782666432 "GET / HTTP/1.1" 302 0
INFO 2025-09-27 22:40:17,000 basehttp 198168 127358782666432 "GET /api/docs/ HTTP/1.1" 200 4663
INFO 2025-09-27 22:40:26,458 basehttp 198168 127358782666432 "GET /api/schema/ HTTP/1.1" 200 61255
INFO 2025-09-28 00:24:15,345 autoreload 1579 138513408524416 Watching for file changes with StatReloader
INFO 2025-09-28 00:24:26,743 basehttp 1579 138513232164544 "GET / HTTP/1.1" 301 0
INFO 2025-09-28 00:24:26,839 basehttp 1579 138513232164544 code 400, message Bad request version ('¿[\x83\x8f·0')
ERROR 2025-09-28 00:24:26,839 basehttp 1579 138513232164544 You're accessing the development server over HTTPS, but it only supports HTTP.
INFO 2025-09-28 00:24:26,890 basehttp 1579 138513232164544 code 400, message Bad request version ('³¼D\x19\x11;qª¨³\x83#UÖ\x02\x901')
ERROR 2025-09-28 00:24:26,890 basehttp 1579 138513232164544 You're accessing the development server over HTTPS, but it only supports HTTP.
INFO 2025-09-28 00:24:29,828 basehttp 1579 138513223771840 code 400, message Bad request version ('&®<A¥-\x01f*n\x88~\x90\x01i\x01RQ]\x15\x8b')
ERROR 2025-09-28 00:24:29,828 basehttp 1579 138513223771840 You're accessing the development server over HTTPS, but it only supports HTTP.
INFO 2025-09-28 00:24:29,830 basehttp 1579 138513232164544 code 400, message Bad request version ('\x00\x02\x01\x00\x00')
ERROR 2025-09-28 00:24:29,830 basehttp 1579 138513232164544 You're accessing the development server over HTTPS, but it only supports HTTP.
INFO 2025-09-28 00:24:29,846 basehttp 1579 138513232164544 code 400, message Bad request version ('úú\x13\x01\x13\x02\x13\x03À+À/À,À0Ì©Ì¨À\x13À\x14\x00\x9c\x00\x9d\x00/\x005\x01\x00\x06S')
ERROR 2025-09-28 00:24:29,846 basehttp 1579 138513232164544 You're accessing the development server over HTTPS, but it only supports HTTP.
INFO 2025-09-28 00:24:29,861 basehttp 1579 138513232164544 code 400, message Bad request version ('\x1b')
ERROR 2025-09-28 00:24:29,861 basehttp 1579 138513232164544 You're accessing the development server over HTTPS, but it only supports HTTP.
INFO 2025-09-28 00:24:30,836 basehttp 1579 138513232164544 code 400, message Bad request version ("'²\x8eÈrBÛZ¤®Vf#Ö~\x08e\x03Õ§Î\x8d")
ERROR 2025-09-28 00:24:30,836 basehttp 1579 138513232164544 You're accessing the development server over HTTPS, but it only supports HTTP.
INFO 2025-09-28 00:24:30,857 basehttp 1579 138513232164544 code 400, message Bad request version ('\x00\x12\x00\x10\x04\x03\x08\x04\x04\x01\x05\x03\x08\x05\x05\x01\x08\x06\x06\x01\x00+\x00\x07\x06ÚÚ\x03\x04\x03\x03\x00#\x00\x00\x00\x17\x00\x00\x00\x1b\x00\x03\x02\x00\x02\x00')
ERROR 2025-09-28 00:24:30,857 basehttp 1579 138513232164544 You're accessing the development server over HTTPS, but it only supports HTTP.
INFO 2025-09-28 00:24:30,870 basehttp 1579 138513232164544 code 400, message Bad request version ("ñ\x87¼vCêØgÆk'âyZC2®våNã")
ERROR 2025-09-28 00:24:30,871 basehttp 1579 138513232164544 You're accessing the development server over HTTPS, but it only supports HTTP.
INFO 2025-09-28 00:24:30,933 basehttp 1579 138513232164544 code 400, message Bad request version ('\x02h2\x08http/1.1\x00+\x00\x07\x06úú\x03\x04\x03\x03\x003\x04ï\x04íúú\x00\x01\x00\x11ì\x04ÀÕáHô')
ERROR 2025-09-28 00:24:30,934 basehttp 1579 138513232164544 You're accessing the development server over HTTPS, but it only supports HTTP.
INFO 2025-09-28 00:24:32,152 basehttp 1579 138513232164544 code 400, message Bad request syntax ('\x16\x03\x01\x06À\x01\x00\x06¼\x03\x03>pMðç*¿Õ\x7f¹ÈMwe\x91æ§W\x87')
ERROR 2025-09-28 00:24:32,152 basehttp 1579 138513232164544 You're accessing the development server over HTTPS, but it only supports HTTP.
INFO 2025-09-28 00:24:32,173 basehttp 1579 138513232164544 code 400, message Bad request version ('\x00\x02\x01\x00DÍ\x00\x05\x00\x03\x02h2\x00')
ERROR 2025-09-28 00:24:32,174 basehttp 1579 138513232164544 You're accessing the development server over HTTPS, but it only supports HTTP.
INFO 2025-09-28 00:24:32,177 basehttp 1579 138513232164544 code 400, message Bad HTTP/0.9 request type ('\x16\x03\x01\x06')
ERROR 2025-09-28 00:24:32,177 basehttp 1579 138513232164544 You're accessing the development server over HTTPS, but it only supports HTTP.
INFO 2025-09-28 00:24:32,191 basehttp 1579 138513232164544 code 400, message Bad request version ('³&\xad\x89\x96µ1Uè\x8b\x9dÃü\x84r15\x9ee\x9aÏð\x03þu8!øÌ©Û"Ò')
ERROR 2025-09-28 00:24:32,191 basehttp 1579 138513232164544 You're accessing the development server over HTTPS, but it only supports HTTP.
INFO 2025-09-28 00:24:35,212 basehttp 1579 138513232164544 code 400, message Bad HTTP/0.9 request type ('\x16\x03\x01\x06')
ERROR 2025-09-28 00:24:35,213 basehttp 1579 138513232164544 You're accessing the development server over HTTPS, but it only supports HTTP.
INFO 2025-09-28 00:24:35,215 basehttp 1579 138513223771840 code 400, message Bad request version ('Ù\x01¯\x91¯¨]Ñ*0]\x92tÒç\x17ÆÄ#ïÃ_ø\x83«N\x84\xad(Múàí\x11ûÂ7D^É=\x8a\x81\x11')
ERROR 2025-09-28 00:24:35,216 basehttp 1579 138513223771840 You're accessing the development server over HTTPS, but it only supports HTTP.
INFO 2025-09-28 00:24:35,233 basehttp 1579 138513223771840 code 400, message Bad request version ("îÚ$\x84ÇTú\x06\x8a`ôx¥#}{#e\x99a\x92W{®1\x05©NÌi\xadõjb\x12'\x8c|®=Cc{37ùØ")
ERROR 2025-09-28 00:24:35,237 basehttp 1579 138513223771840 You're accessing the development server over HTTPS, but it only supports HTTP.
INFO 2025-09-28 00:24:35,253 basehttp 1579 138513223771840 code 400, message Bad request version ('\x03bGâ\x93ªi¥ÄOh&ÕÍ×di®rcn\x86Á¯õ«¡ûu\x95\x83>èû\x07é')
ERROR 2025-09-28 00:24:35,253 basehttp 1579 138513223771840 You're accessing the development server over HTTPS, but it only supports HTTP.
INFO 2025-09-28 00:24:37,658 basehttp 1579 138513223771840 code 400, message Bad request version ('\x10\x11\x132<PÉ\x9f\x12s)*ÑO¬À\x13Õ\x10=Ñ\x13R\x0eÔ\x9ciÀ^Kr\x81Ìtrôt³\x02¬v\x10Û«\x05\x19ÅGJ\x80\x168e')
ERROR 2025-09-28 00:24:37,658 basehttp 1579 138513223771840 You're accessing the development server over HTTPS, but it only supports HTTP.
INFO 2025-09-28 00:24:37,663 basehttp 1579 138513223771840 code 400, message Bad request version ('\x1a\x1a\x13\x01\x13\x02\x13\x03À+À/À,À0Ì©Ì¨À\x13À\x14\x00\x9c\x00\x9d\x00/\x005\x01\x00\x06s\x8a\x8a\x00\x00\x00\x12\x00\x00\x00\x05\x00\x05\x01\x00\x00\x00\x00\x00+\x00\x07\x06ZZ\x03\x04\x03\x03\x00')
ERROR 2025-09-28 00:24:37,663 basehttp 1579 138513223771840 You're accessing the development server over HTTPS, but it only supports HTTP.
INFO 2025-09-28 00:24:37,669 basehttp 1579 138513223771840 code 400, message Bad request version ('ä')
ERROR 2025-09-28 00:24:37,669 basehttp 1579 138513223771840 You're accessing the development server over HTTPS, but it only supports HTTP.
INFO 2025-09-28 00:24:37,699 basehttp 1579 138513223771840 code 400, message Bad request version ('\x02h2\x08http/1.1DÍ\x00\x05\x00\x03\x02h2\x00')
ERROR 2025-09-28 00:24:37,699 basehttp 1579 138513223771840 You're accessing the development server over HTTPS, but it only supports HTTP.
INFO 2025-09-28 00:26:33,448 basehttp 1579 138513232164544 code 400, message Bad request version ('vCoå\x9aôî³WÇN\x92G>\x1a')
ERROR 2025-09-28 00:26:33,448 basehttp 1579 138513232164544 You're accessing the development server over HTTPS, but it only supports HTTP.
INFO 2025-09-28 00:26:33,453 basehttp 1579 138513232164544 code 400, message Bad request version ('-g\x9b&0PkÛ\\¾\x8d\x87\x9cy¦k\x0e³Þ!V\x8aaaóóm\x9fE¦¦±\x90\x91\x9fÌ9yµØ\x0f\x10Gf\x16\x0f\x91\x04C«l\x00')
ERROR 2025-09-28 00:26:33,453 basehttp 1579 138513232164544 You're accessing the development server over HTTPS, but it only supports HTTP.
INFO 2025-09-28 00:26:59,952 basehttp 1579 138513232164544 code 400, message Bad request version ('\x9a\x9a\x13\x01\x13\x02\x13\x03À+À/À,À0Ì©Ì¨À\x13À\x14\x00\x9c\x00\x9d\x00/\x005\x01\x00\x06\x93')
ERROR 2025-09-28 00:26:59,953 basehttp 1579 138513232164544 You're accessing the development server over HTTPS, but it only supports HTTP.
INFO 2025-09-28 00:26:59,962 basehttp 1579 138513232164544 code 400, message Bad request version ('\x1a\x1a\x13\x01\x13\x02\x13\x03À+À/À,À0Ì©Ì¨À\x13À\x14\x00\x9c\x00\x9d\x00/\x005\x01\x00\x06sÊÊ\x00\x00DÍ\x00\x05\x00\x03\x02h2\x00')
ERROR 2025-09-28 00:26:59,962 basehttp 1579 138513232164544 You're accessing the development server over HTTPS, but it only supports HTTP.
INFO 2025-09-28 00:27:26,183 basehttp 1579 138513232164544 "GET / HTTP/1.1" 301 0
INFO 2025-09-28 00:27:26,198 basehttp 1579 138513232164544 code 400, message Bad request syntax ('\x16\x03\x01\x06à\x01\x00\x06Ü\x03\x03\x18\x86\x171\x16\\«ú{\x19eK»\x15³\x16')
ERROR 2025-09-28 00:27:26,199 basehttp 1579 138513232164544 You're accessing the development server over HTTPS, but it only supports HTTP.
INFO 2025-09-28 00:27:26,211 basehttp 1579 138513232164544 code 400, message Bad request version ('\x9a')
ERROR 2025-09-28 00:27:26,212 basehttp 1579 138513232164544 You're accessing the development server over HTTPS, but it only supports HTTP.
INFO 2025-09-28 00:29:26,319 autoreload 2813 135388892332160 Watching for file changes with StatReloader
INFO 2025-09-28 00:29:50,162 basehttp 2813 135388643456704 code 400, message Bad request version ('Á(:f\x98E')
ERROR 2025-09-28 00:29:50,162 basehttp 2813 135388643456704 You're accessing the development server over HTTPS, but it only supports HTTP.
INFO 2025-09-28 00:29:50,211 basehttp 2813 135388643456704 code 400, message Bad request version ('\x02h2\x08http/1.1\x00')
ERROR 2025-09-28 00:29:50,212 basehttp 2813 135388643456704 You're accessing the development server over HTTPS, but it only supports HTTP.
INFO 2025-09-28 00:30:49,501 autoreload 3215 127717618602112 Watching for file changes with StatReloader
INFO 2025-09-28 00:30:58,132 basehttp 3215 127717440739008 code 400, message Bad request version ('\x9b5óo')
ERROR 2025-09-28 00:30:58,132 basehttp 3215 127717440739008 You're accessing the development server over HTTPS, but it only supports HTTP.
INFO 2025-09-28 00:30:58,167 basehttp 3215 127717440739008 code 400, message Bad request version ('\x02h2\x08http/1.1\x00')
ERROR 2025-09-28 00:30:58,167 basehttp 3215 127717440739008 You're accessing the development server over HTTPS, but it only supports HTTP.
INFO 2025-09-28 00:35:05,039 autoreload 3990 132051226017920 Watching for file changes with StatReloader
INFO 2025-09-28 00:35:10,104 basehttp 3990 132051042821824 code 400, message Bad request version ('\x9a\x9a\x13\x01\x13\x02\x13\x03À+À/À,À0Ì©Ì¨À\x13À\x14\x00\x9c\x00\x9d\x00/\x005\x01\x00\x06S::\x00\x00\x00')
ERROR 2025-09-28 00:35:10,104 basehttp 3990 132051042821824 You're accessing the development server over HTTPS, but it only supports HTTP.
INFO 2025-09-28 00:35:10,157 basehttp 3990 132051042821824 code 400, message Bad request version ('úú\x13\x01\x13\x02\x13\x03À+À/À,À0Ì©Ì¨À\x13À\x14\x00\x9c\x00\x9d\x00/\x005\x01\x00\x06sÚÚ\x00\x00\x00')
ERROR 2025-09-28 00:35:10,157 basehttp 3990 132051042821824 You're accessing the development server over HTTPS, but it only supports HTTP.
INFO 2025-09-28 00:35:25,269 basehttp 3990 132051042821824 code 400, message Bad request version ('\x02h2\x08http/1.1\x00')
ERROR 2025-09-28 00:35:25,269 basehttp 3990 132051042821824 You're accessing the development server over HTTPS, but it only supports HTTP.
INFO 2025-09-28 00:35:25,279 basehttp 3990 132051042821824 code 400, message Bad request version ('Öèm')
ERROR 2025-09-28 00:35:25,279 basehttp 3990 132051042821824 You're accessing the development server over HTTPS, but it only supports HTTP.
INFO 2025-09-28 00:35:32,751 basehttp 3990 132051042821824 "GET / HTTP/1.1" 302 0
INFO 2025-09-28 00:35:32,789 basehttp 3990 132051042821824 "GET /api/docs/ HTTP/1.1" 200 4663
INFO 2025-09-28 00:35:36,985 basehttp 3990 132051042821824 "GET /api/schema/ HTTP/1.1" 200 61255
INFO 2025-09-28 00:35:52,224 basehttp 3990 132051034429120 code 400, message Bad request version ('\x83õ$X\x14\x17dé"\x10\xad\x047\x05VÊJ·ÄôàTÚ¡¾Ëð\x8b["¦fT\x88,')
ERROR 2025-09-28 00:35:52,225 basehttp 3990 132051034429120 You're accessing the development server over HTTPS, but it only supports HTTP.
INFO 2025-09-28 00:35:52,235 basehttp 3990 132051034429120 code 400, message Bad request syntax ('\x16\x03\x01\x06À\x01\x00\x06¼\x03\x03o\x0e;*ïjµ,X³D\x0f\x9b"Já²TÔ\x13')
ERROR 2025-09-28 00:35:52,240 basehttp 3990 132051034429120 You're accessing the development server over HTTPS, but it only supports HTTP.
INFO 2025-09-28 00:35:54,807 basehttp 3990 132051034429120 code 400, message Bad request version ('\x00\x12\x00\x10\x04\x03\x08\x04\x04\x01\x05\x03\x08\x05\x05\x01\x08\x06\x06\x01\x00\x17\x00\x00\x00\x1b\x00\x03\x02\x00\x02\x00')
ERROR 2025-09-28 00:35:54,808 basehttp 3990 132051034429120 You're accessing the development server over HTTPS, but it only supports HTTP.
INFO 2025-09-28 00:35:54,810 basehttp 3990 132051034429120 code 400, message Bad request version ("\x84Ô\x17;È¢§\x06Y\x0f°\x99\x01Æ¢Vë'\x0eÝ")
ERROR 2025-09-28 00:35:54,810 basehttp 3990 132051034429120 You're accessing the development server over HTTPS, but it only supports HTTP.
INFO 2025-09-28 00:35:54,849 basehttp 3990 132051034429120 code 400, message Bad request version ('\x00\x02\x01\x00\x00')
ERROR 2025-09-28 00:35:54,850 basehttp 3990 132051034429120 You're accessing the development server over HTTPS, but it only supports HTTP.
INFO 2025-09-28 00:35:54,850 basehttp 3990 132051026036416 code 400, message Bad request version ('C}')
ERROR 2025-09-28 00:35:54,852 basehttp 3990 132051026036416 You're accessing the development server over HTTPS, but it only supports HTTP.
INFO 2025-09-28 00:40:46,872 basehttp 3990 132051051214528 "GET / HTTP/1.1" 302 0
INFO 2025-09-28 00:40:46,884 basehttp 3990 132051051214528 "GET /api/docs/ HTTP/1.1" 200 4663
INFO 2025-09-28 00:40:48,760 basehttp 3990 132051051214528 "GET /api/schema/ HTTP/1.1" 200 61255
INFO 2025-09-28 00:41:00,640 autoreload 5304 133370424795264 Watching for file changes with StatReloader
INFO 2025-09-28 00:41:05,853 basehttp 5304 133370247894720 code 400, message Bad request version ('\x02h2\x08http/1.1\x00-\x00\x02\x01\x01\x00#\x00\x00\x00\x05\x00\x05\x01\x00\x00\x00\x00\x00+\x00\x07\x06\x1a\x1a\x03\x04\x03\x03\x00')
ERROR 2025-09-28 00:41:05,854 basehttp 5304 133370247894720 You're accessing the development server over HTTPS, but it only supports HTTP.
INFO 2025-09-28 00:41:05,860 basehttp 5304 133370247894720 code 400, message Bad request version ('h\x11')
ERROR 2025-09-28 00:41:05,860 basehttp 5304 133370247894720 You're accessing the development server over HTTPS, but it only supports HTTP.
INFO 2025-09-28 00:41:14,229 basehttp 5304 133370247894720 code 400, message Bad request version ('\x18îm1\x07Ê\x8aÀd@\x88\x8c\x87Õ\x97Fò\x06»ãþ;ú\x07Äµ\x91ÿ\x01\x00\x01\x00\x00')
ERROR 2025-09-28 00:41:14,229 basehttp 5304 133370247894720 You're accessing the development server over HTTPS, but it only supports HTTP.
INFO 2025-09-28 00:41:14,231 basehttp 5304 133370239502016 code 400, message Bad request version ('JJ\x13\x01\x13\x02\x13\x03À+À/À,À0Ì©Ì¨À\x13À\x14\x00\x9c\x00\x9d\x00/\x005\x01\x00\x06\x93')
ERROR 2025-09-28 00:41:14,232 basehttp 5304 133370239502016 You're accessing the development server over HTTPS, but it only supports HTTP.
INFO 2025-09-28 00:41:14,246 basehttp 5304 133370239502016 code 400, message Bad request syntax ('\x16\x03\x01\x06À\x01\x00\x06¼\x03\x03Kû\x8d¡ý0xPnØgÌ>Ú')
ERROR 2025-09-28 00:41:14,247 basehttp 5304 133370239502016 You're accessing the development server over HTTPS, but it only supports HTTP.
INFO 2025-09-28 00:41:14,248 basehttp 5304 133370239502016 code 400, message Bad request version ("Æx@FSp\x89G°·;P\x9c\x08åK\x17\x84'ä6\x97;")
ERROR 2025-09-28 00:41:14,248 basehttp 5304 133370239502016 You're accessing the development server over HTTPS, but it only supports HTTP.
INFO 2025-09-28 00:41:56,349 autoreload 5749 131619174862976 Watching for file changes with StatReloader
INFO 2025-09-28 00:42:03,390 basehttp 5749 131618995955392 code 400, message Bad request version ('¶3\xadÛæQR\x8c4L¦.ê)\x9a¶é\x1bÆ\x13W\x93ÂbÊÅ¾Í)@e*\x86°XaÎXÏ9Å~\x89á(õR)aáÌø\x87º\x93¨\x8e\x04I\x98\x8e\x80bä¤¬\x05·\x81×±¶IB\x9c[9\x9b²c\x03\x06\x18o?©7\x9a¡X3F\x80\x9a<0ëvÏÉÒ©\x8f0´#Ã\x9a×\x9bF´\x05FyL%2uyÅe\x17Ñ\x10\x07s\x82WB')
ERROR 2025-09-28 00:42:03,391 basehttp 5749 131618995955392 You're accessing the development server over HTTPS, but it only supports HTTP.
INFO 2025-09-28 00:42:03,408 basehttp 5749 131618995955392 code 400, message Bad request version ('á[\x96\x89U\x86Ê[\x90õ\x86\\²ÄX\x13C_\x14ÌsÑn\x18\x97WL\x97')
ERROR 2025-09-28 00:42:03,408 basehttp 5749 131618995955392 You're accessing the development server over HTTPS, but it only supports HTTP.
INFO 2025-09-28 00:42:05,399 basehttp 5749 131618995955392 code 400, message Bad request version ('>íÜ8\x03Ö¢ûLª\x0f9XI4')
ERROR 2025-09-28 00:42:05,399 basehttp 5749 131618995955392 You're accessing the development server over HTTPS, but it only supports HTTP.
INFO 2025-09-28 00:42:05,408 basehttp 5749 131618995955392 code 400, message Bad request version ('åGÑóáj')
ERROR 2025-09-28 00:42:05,408 basehttp 5749 131618995955392 You're accessing the development server over HTTPS, but it only supports HTTP.
INFO 2025-09-28 00:42:05,449 basehttp 5749 131618995955392 code 400, message Bad request version ('n\x06\x86]L¶5EÌ\x9e\x03)¥\x9bºHJ¬')
ERROR 2025-09-28 00:42:05,450 basehttp 5749 131618995955392 You're accessing the development server over HTTPS, but it only supports HTTP.
INFO 2025-09-28 00:42:05,468 basehttp 5749 131618995955392 code 400, message Bad request version ('**\x13\x01\x13\x02\x13\x03À+À/À,À0Ì©Ì¨À\x13À\x14\x00\x9c\x00\x9d\x00/\x005\x01\x00\x06S')
ERROR 2025-09-28 00:42:05,469 basehttp 5749 131618995955392 You're accessing the development server over HTTPS, but it only supports HTTP.
INFO 2025-09-28 00:45:48,765 autoreload 6699 134323037970560 Watching for file changes with StatReloader
INFO 2025-09-28 00:45:57,021 basehttp 6699 134322861364928 code 400, message Bad request version ("['\x17îBÿ;A!ÿ)&\x19§Ç")
ERROR 2025-09-28 00:45:57,021 basehttp 6699 134322861364928 You're accessing the development server over HTTPS, but it only supports HTTP.
INFO 2025-09-28 00:45:57,051 basehttp 6699 134322861364928 code 400, message Bad request version ('\x00\x02\x01\x00\x00')
ERROR 2025-09-28 00:45:57,051 basehttp 6699 134322861364928 You're accessing the development server over HTTPS, but it only supports HTTP.
INFO 2025-09-28 00:46:11,142 basehttp 6699 134322861364928 code 400, message Bad request version ('\x00\x12\x00\x10\x04\x03\x08\x04\x04\x01\x05\x03\x08\x05\x05\x01\x08\x06\x06\x01\x00-\x00\x02\x01\x01\x00')
ERROR 2025-09-28 00:46:11,142 basehttp 6699 134322861364928 You're accessing the development server over HTTPS, but it only supports HTTP.
INFO 2025-09-28 00:46:11,149 basehttp 6699 134322861364928 code 400, message Bad request version ('\x00\x02\x01\x00\x00+\x00\x07\x06jj\x03\x04\x03\x03\x00\x1b\x00\x03\x02\x00\x02\x00\x17\x00\x00\x00#\x00\x00DÍ\x00\x05\x00\x03\x02h2\x003\x04ï\x04íJJ\x00\x01\x00\x11ì\x04Àäª\x96')
ERROR 2025-09-28 00:46:11,149 basehttp 6699 134322861364928 You're accessing the development server over HTTPS, but it only supports HTTP.
INFO 2025-09-28 00:48:12,778 autoreload 7340 123787551002752 Watching for file changes with StatReloader
INFO 2025-09-28 00:48:17,709 basehttp 7340 123787373696704 code 400, message Bad request version ('\x00\x12\x00\x10\x04\x03\x08\x04\x04\x01\x05\x03\x08\x05\x05\x01\x08\x06\x06\x01\x00')
ERROR 2025-09-28 00:48:17,709 basehttp 7340 123787373696704 You're accessing the development server over HTTPS, but it only supports HTTP.
INFO 2025-09-28 00:48:17,719 basehttp 7340 123787373696704 code 400, message Bad request version ('%\x00\x90e-\x91xÒS²û\x98IO}\x8bh\x10\x9fê\x12£ùc')
ERROR 2025-09-28 00:48:17,719 basehttp 7340 123787373696704 You're accessing the development server over HTTPS, but it only supports HTTP.
INFO 2025-09-28 00:49:27,891 autoreload 7677 132825149227136 Watching for file changes with StatReloader
INFO 2025-09-28 00:49:31,473 basehttp 7677 132824971597504 code 400, message Bad request version ('9_\x89ûoÒD\x84e\x1b')
ERROR 2025-09-28 00:49:31,473 basehttp 7677 132824971597504 You're accessing the development server over HTTPS, but it only supports HTTP.
INFO 2025-09-28 00:49:31,516 basehttp 7677 132824971597504 code 400, message Bad request version ('\x00\x12\x00\x10\x04\x03\x08\x04\x04\x01\x05\x03\x08\x05\x05\x01\x08\x06\x06\x01DÍ\x00\x05\x00\x03\x02h2\x00\x05\x00\x05\x01\x00\x00\x00\x00\x003\x04ï\x04íÚÚ\x00\x01\x00\x11ì\x04À\x94ö-QV\x00ÒL\x18Ô\x03`\x81\x08<\x8cQY\x8f\x18¬()¼\x04èzô\x16²ÂB¢9â¼\x1a\x921¾DSÕ¹\x8céÊ%¨\x98i\x95ñ\x1a\x8f¶{\x07f\x14%Á°CeZ\x07ôyé»q\x00\\µ\x82\x81\x13\x10Ì£¨&?í[\x9b®»p\x7f\x00')
ERROR 2025-09-28 00:49:31,517 basehttp 7677 132824971597504 You're accessing the development server over HTTPS, but it only supports HTTP.
INFO 2025-09-28 00:51:43,959 autoreload 8187 133380458856576 Watching for file changes with StatReloader
INFO 2025-09-28 00:52:17,060 autoreload 8360 128563571814528 Watching for file changes with StatReloader
INFO 2025-09-28 00:52:27,337 autoreload 8504 130489672843392 Watching for file changes with StatReloader
INFO 2025-09-28 00:57:54,137 autoreload 10462 133786581196928 Watching for file changes with StatReloader
INFO 2025-09-28 01:16:51,284 autoreload 14412 136848005746816 Watching for file changes with StatReloader
INFO 2025-09-28 01:17:06,491 autoreload 14539 138373972086912 Watching for file changes with StatReloader
INFO 2025-09-28 01:17:25,686 autoreload 14699 138509847261312 Watching for file changes with StatReloader
INFO 2025-09-28 01:17:31,720 basehttp 14699 138509754037952 "GET / HTTP/1.1" 302 0
INFO 2025-09-28 01:17:31,814 basehttp 14699 138509754037952 "GET /api/docs/ HTTP/1.1" 200 4663
INFO 2025-09-28 01:17:37,541 basehttp 14699 138509754037952 "GET /api/schema/ HTTP/1.1" 200 61255
INFO 2025-09-28 01:26:13,135 autoreload 16549 130528663670912 Watching for file changes with StatReloader
INFO 2025-09-28 01:26:17,118 basehttp 16549 130528561850048 "GET / HTTP/1.1" 302 0
INFO 2025-09-28 01:26:17,228 basehttp 16549 130528561850048 "GET /api/docs/ HTTP/1.1" 200 4663
INFO 2025-09-28 01:26:23,001 basehttp 16549 130528561850048 "GET /api/schema/ HTTP/1.1" 200 62024
INFO 2025-09-28 01:26:23,055 basehttp 16549 130528561850048 "GET /api/docs/ HTTP/1.1" 200 4663
INFO 2025-09-28 01:26:23,896 basehttp 16549 130528561850048 "GET /api/schema/ HTTP/1.1" 200 62024
INFO 2025-09-28 01:26:30,212 basehttp 16549 130528561850048 "GET / HTTP/1.1" 302 0
INFO 2025-09-28 01:26:30,222 basehttp 16549 130528561850048 "GET /api/docs/ HTTP/1.1" 200 4663
INFO 2025-09-28 01:26:30,931 basehttp 16549 130528561850048 "GET /api/schema/ HTTP/1.1" 200 62024
INFO 2025-09-28 01:26:39,453 basehttp 16549 130528561850048 "GET / HTTP/1.1" 302 0
INFO 2025-09-28 01:26:39,463 basehttp 16549 130528561850048 "GET /api/docs/ HTTP/1.1" 200 4663
INFO 2025-09-28 01:26:39,781 basehttp 16549 130528561850048 "GET /api/schema/ HTTP/1.1" 200 62024
INFO 2025-09-28 01:26:43,849 basehttp 16549 130528561850048 "GET /api/docs/ HTTP/1.1" 200 4663
INFO 2025-09-28 01:26:44,177 basehttp 16549 130528561850048 "GET /api/schema/ HTTP/1.1" 200 62024
INFO 2025-09-28 01:28:23,471 basehttp 16549 130528561850048 "GET /api/docs/ HTTP/1.1" 200 4663
INFO 2025-09-28 01:28:24,057 basehttp 16549 130528561850048 "GET /api/schema/ HTTP/1.1" 200 62024
INFO 2025-09-28 01:28:26,815 basehttp 16549 130528561850048 "GET /api/docs/ HTTP/1.1" 200 4663
INFO 2025-09-28 01:28:27,497 basehttp 16549 130528561850048 "GET /api/schema/ HTTP/1.1" 200 62024
INFO 2025-09-28 01:31:53,588 autoreload 18314 138402584559744 Watching for file changes with StatReloader
INFO 2025-09-28 01:32:00,511 basehttp 18314 138402414454464 "GET / HTTP/1.1" 302 0
INFO 2025-09-28 01:32:00,586 basehttp 18314 138402414454464 "GET /api/docs/ HTTP/1.1" 200 4663
INFO 2025-09-28 01:32:06,097 basehttp 18314 138402414454464 "GET /api/schema/ HTTP/1.1" 200 62024
INFO 2025-09-28 01:32:15,946 basehttp 18314 138402414454464 "GET / HTTP/1.1" 302 0
INFO 2025-09-28 01:32:15,962 basehttp 18314 138402414454464 "GET /api/docs/ HTTP/1.1" 200 4663
INFO 2025-09-28 01:32:16,331 basehttp 18314 138402414454464 "GET /api/schema/ HTTP/1.1" 200 62024
INFO 2025-09-28 01:35:30,572 autoreload 19852 137808969945216 Watching for file changes with StatReloader
INFO 2025-09-28 01:35:35,341 basehttp 19852 137808868009664 "GET / HTTP/1.1" 302 0
INFO 2025-09-28 01:35:35,440 basehttp 19852 137808868009664 "GET /api/docs/ HTTP/1.1" 200 4663
INFO 2025-09-28 01:35:41,680 basehttp 19852 137808868009664 "GET /api/schema/ HTTP/1.1" 200 62024
INFO 2025-09-28 01:35:47,640 basehttp 19852 137808868009664 "GET / HTTP/1.1" 302 0
INFO 2025-09-28 01:35:47,648 basehttp 19852 137808868009664 "GET /api/docs/ HTTP/1.1" 200 4663
INFO 2025-09-28 01:35:47,982 basehttp 19852 137808868009664 "GET /api/schema/ HTTP/1.1" 200 62024
INFO 2025-09-28 01:36:12,244 autoreload 19852 137808969945216 /home/aby1/alx-project-nexus/core/views.py changed, reloading.
INFO 2025-09-28 01:36:13,000 autoreload 20377 132442016100480 Watching for file changes with StatReloader
INFO 2025-09-28 01:36:40,547 autoreload 20377 132442016100480 /home/aby1/alx-project-nexus/core/views.py changed, reloading.
INFO 2025-09-28 01:36:41,594 autoreload 20538 125054555771008 Watching for file changes with StatReloader
INFO 2025-09-28 01:36:45,924 autoreload 20538 125054555771008 /home/aby1/alx-project-nexus/core/views.py changed, reloading.
INFO 2025-09-28 01:36:46,982 autoreload 20657 136093793878144 Watching for file changes with StatReloader
INFO 2025-09-28 01:46:03,882 autoreload 24393 123647876980864 Watching for file changes with StatReloader
INFO 2025-09-28 01:46:10,692 basehttp 24393 123647700227776 code 400, message Bad request version ('úè\x9bü\x9e\x03\\\x81\x18S\x16¹ì{ô')
ERROR 2025-09-28 01:46:10,692 basehttp 24393 123647700227776 You're accessing the development server over HTTPS, but it only supports HTTP.
INFO 2025-09-28 01:46:10,719 basehttp 24393 123647700227776 code 400, message Bad request version ('\x00\x12\x00\x10\x04\x03\x08\x04\x04\x01\x05\x03\x08\x05\x05\x01\x08\x06\x06\x01\x00#\x00\x00DÍ\x00\x05\x00\x03\x02h2ÿ\x01\x00\x01\x00\x00+\x00\x07\x06**\x03\x04\x03\x03\x00')
ERROR 2025-09-28 01:46:10,719 basehttp 24393 123647700227776 You're accessing the development server over HTTPS, but it only supports HTTP.
INFO 2025-09-28 01:46:14,121 basehttp 24393 123647700227776 code 400, message Bad request syntax ('\x16\x03\x01\x06À\x01\x00\x06¼\x03\x03®\x8c\x06x\x80î\x13\xad4Ã+')
ERROR 2025-09-28 01:46:14,121 basehttp 24393 123647700227776 You're accessing the development server over HTTPS, but it only supports HTTP.
INFO 2025-09-28 01:46:14,147 basehttp 24393 123647700227776 code 400, message Bad request version ('Ê=\x83ux&\x03\x89[\x92¦\x08|\x07Zih[ÅfÛÍñcÅÿ³v\x7fõ\x10°')
ERROR 2025-09-28 01:46:14,147 basehttp 24393 123647700227776 You're accessing the development server over HTTPS, but it only supports HTTP.
INFO 2025-09-28 01:46:14,153 basehttp 24393 123647700227776 code 400, message Bad request version ("Í\x92F£þ'3¯\x12l\x9fó\x8azÜ¼Î)}¶IBé\x8b·_¸\x90åv")
ERROR 2025-09-28 01:46:14,154 basehttp 24393 123647700227776 You're accessing the development server over HTTPS, but it only supports HTTP.
INFO 2025-09-28 01:46:14,213 basehttp 24393 123647700227776 code 400, message Bad request syntax ("\x16\x03\x01\x06À\x01\x00\x06¼\x03\x03mÉ[EÖ1J\x14_\x9dz'úT")
ERROR 2025-09-28 01:46:14,214 basehttp 24393 123647700227776 You're accessing the development server over HTTPS, but it only supports HTTP.
INFO 2025-09-28 01:46:17,010 basehttp 24393 123647700227776 code 400, message Bad request version ('\x00\x12\x00\x10\x04\x03\x08\x04\x04\x01\x05\x03\x08\x05\x05\x01\x08\x06\x06\x01ÿ\x01\x00\x01\x00\x00\x12\x00\x00\x00+\x00\x07\x06úú\x03\x04\x03\x03\x00\x17\x00\x00\x00')
ERROR 2025-09-28 01:46:17,010 basehttp 24393 123647700227776 You're accessing the development server over HTTPS, but it only supports HTTP.
INFO 2025-09-28 01:46:17,013 basehttp 24393 123647700227776 code 400, message Bad request version ('\x9a\x9a\x13\x01\x13\x02\x13\x03À+À/À,À0Ì©Ì¨À\x13À\x14\x00\x9c\x00\x9d\x00/\x005\x01\x00\x06S')
ERROR 2025-09-28 01:46:17,013 basehttp 24393 123647700227776 You're accessing the development server over HTTPS, but it only supports HTTP.
INFO 2025-09-28 01:46:17,022 basehttp 24393 123647700227776 code 400, message Bad request version ('e\x8a¡\x1bP%YU;\x02\x90Lë¸\x99eÀ\x04\x9dI<\x02\x9c©X')
ERROR 2025-09-28 01:46:17,023 basehttp 24393 123647700227776 You're accessing the development server over HTTPS, but it only supports HTTP.
INFO 2025-09-28 01:46:17,027 basehttp 24393 123647700227776 code 400, message Bad request version ("Ñ\x17\x0e\x96Ê1X£\x8fÆ\x8cl\x06´¬Nf\x02=6\x8eýGX§\x18\x81\x9ay'`¹U")
ERROR 2025-09-28 01:46:17,027 basehttp 24393 123647700227776 You're accessing the development server over HTTPS, but it only supports HTTP.
INFO 2025-09-28 01:46:45,174 basehttp 24393 123647700227776 code 400, message Bad request version ('§@')
ERROR 2025-09-28 01:46:45,175 basehttp 24393 123647700227776 You're accessing the development server over HTTPS, but it only supports HTTP.
INFO 2025-09-28 01:46:45,183 basehttp 24393 123647700227776 code 400, message Bad request version ('`\x93±1r¤@0ªêW\x1aÜ´')
ERROR 2025-09-28 01:46:45,183 basehttp 24393 123647700227776 You're accessing the development server over HTTPS, but it only supports HTTP.
INFO 2025-09-28 01:46:48,189 basehttp 24393 123647700227776 code 400, message Bad request version ('\x15¨¹')
ERROR 2025-09-28 01:46:48,189 basehttp 24393 123647700227776 You're accessing the development server over HTTPS, but it only supports HTTP.
INFO 2025-09-28 01:46:48,216 basehttp 24393 123647700227776 code 400, message Bad request version ('**\x13\x01\x13\x02\x13\x03À+À/À,À0Ì©Ì¨À\x13À\x14\x00\x9c\x00\x9d\x00/\x005\x01\x00\x06\x93zz\x00\x00\x00-\x00\x02\x01\x01ÿ\x01\x00\x01\x00\x00')
ERROR 2025-09-28 01:46:48,217 basehttp 24393 123647700227776 You're accessing the development server over HTTPS, but it only supports HTTP.
INFO 2025-09-28 01:46:48,236 basehttp 24393 123647700227776 code 400, message Bad request version ("\x05^K»ÀeD'8M\\Ì\x9bÐâÀ\x16\x9dÇßÁ\x161|UËÛè")
ERROR 2025-09-28 01:46:48,237 basehttp 24393 123647700227776 You're accessing the development server over HTTPS, but it only supports HTTP.
INFO 2025-09-28 01:46:48,245 basehttp 24393 123647700227776 code 400, message Bad request version ('::\x13\x01\x13\x02\x13\x03À+À/À,À0Ì©Ì¨À\x13À\x14\x00\x9c\x00\x9d\x00/\x005\x01\x00\x06SJJ\x00\x00\x003\x04ï\x04íZZ\x00\x01\x00\x11ì\x04À¦³©ÄÅ9')
ERROR 2025-09-28 01:46:48,245 basehttp 24393 123647700227776 You're accessing the development server over HTTPS, but it only supports HTTP.
INFO 2025-09-28 01:46:50,209 basehttp 24393 123647700227776 code 400, message Bad request version ('\x8a\x8a\x13\x01\x13\x02\x13\x03À+À/À,À0Ì©Ì¨À\x13À\x14\x00\x9c\x00\x9d\x00/\x005\x01\x00\x063\x1a\x1a\x00\x00\x00\x17\x00\x00\x00\x1b\x00\x03\x02\x00\x02\x00')
ERROR 2025-09-28 01:46:50,210 basehttp 24393 123647700227776 You're accessing the development server over HTTPS, but it only supports HTTP.
INFO 2025-09-28 01:46:50,218 basehttp 24393 123647700227776 code 400, message Bad request version ('ñ\x95vpû9ÈX\x92qcIPJL[i0!0\x8eqI\x8dm\x16pÿô>»\x11\x0eõ¦\x99,')
ERROR 2025-09-28 01:46:50,218 basehttp 24393 123647700227776 You're accessing the development server over HTTPS, but it only supports HTTP.
INFO 2025-09-28 01:46:50,240 basehttp 24393 123647700227776 code 400, message Bad request version ('`|·i\x80Ú')
ERROR 2025-09-28 01:46:50,240 basehttp 24393 123647700227776 You're accessing the development server over HTTPS, but it only supports HTTP.
INFO 2025-09-28 01:46:50,242 basehttp 24393 123647700227776 code 400, message Bad request version ('\x00\x02\x01\x00\x00')
ERROR 2025-09-28 01:46:50,242 basehttp 24393 123647700227776 You're accessing the development server over HTTPS, but it only supports HTTP.
INFO 2025-09-28 01:47:11,422 basehttp 24393 123647717013184 "GET /api/docs/ HTTP/1.1" 200 4663
INFO 2025-09-28 01:47:16,286 basehttp 24393 123647717013184 "GET /api/schema/ HTTP/1.1" 200 62024
INFO 2025-09-28 01:47:30,438 autoreload 25337 130207198707840 Watching for file changes with StatReloader
INFO 2025-09-28 01:47:34,937 basehttp 25337 130207017064128 code 400, message Bad request version ('\x9a\x9a\x13\x01\x13\x02\x13\x03À+À/À,À0Ì©Ì¨À\x13À\x14\x00\x9c\x00\x9d\x00/\x005\x01\x00\x063JJ\x00\x00\x00')
ERROR 2025-09-28 01:47:34,938 basehttp 25337 130207017064128 You're accessing the development server over HTTPS, but it only supports HTTP.
INFO 2025-09-28 01:47:34,954 basehttp 25337 130207017064128 code 400, message Bad request version ('«')
ERROR 2025-09-28 01:47:34,954 basehttp 25337 130207017064128 You're accessing the development server over HTTPS, but it only supports HTTP.
